<?xml version="1.0" encoding="UTF-8"?>
<!-- Generated by org.testng.reporters.JUnitReportReporter -->
<testsuite hostname="LAPTOP-NQ6FDBPI" failures="0" tests="1" name="DemoAutomation.DemoAutomation.Moviedetails" time="20.829" errors="0" timestamp="2022-07-31T21:27:57 IST" skipped="0">
  <testcase classname="DemoAutomation.DemoAutomation.Moviedetails" name="MovieDetailstest" time="20.829"/>
  <system-out/>
</testsuite> <!-- DemoAutomation.DemoAutomation.Moviedetails -->
