<?xml version="1.0" encoding="UTF-8"?>
<!-- Generated by org.testng.reporters.JUnitReportReporter -->
<testsuite hostname="LAPTOP-NQ6FDBPI" failures="0" tests="1" name="DemoAutomation.Test.Moviedetails" time="21.057" errors="0" timestamp="2022-07-31T21:35:02 IST" skipped="0">
  <testcase classname="DemoAutomation.Test.Moviedetails" name="MovieDetailstest" time="21.057"/>
  <system-out/>
</testsuite> <!-- DemoAutomation.Test.Moviedetails -->
