<?xml version="1.0" encoding="UTF-8"?>
<!-- Generated by org.testng.reporters.JUnitReportReporter -->
<testsuite hostname="LAPTOP-NQ6FDBPI" failures="0" tests="1" name="DemoAutomation.DemoAutomation.Wikipedia" time="21.275" errors="0" timestamp="2022-07-31T21:02:21 IST" skipped="0">
  <testcase classname="DemoAutomation.DemoAutomation.Wikipedia" name="wikipedia" time="21.275"/>
  <system-out/>
</testsuite> <!-- DemoAutomation.DemoAutomation.Wikipedia -->
